# JRE version: Java(TM) SE Runtime Environment (26.0.2.1+1) (build 26.0.2.1+1-7)
# Java VM: Java HotSpot(TM) 64-Bit Server VM (26.0.2.1+1-7, mixed mode, sharing, tiered, compressed oops, compressed class ptrs, g1 gc, windows-amd64)
GC Precious Log:
 CardTable entry size: 512
 Card Set container configuration: InlinePtr #cards 4 size 8 Array Of Cards #cards 16 size 48 Howl #buckets 8 coarsen threshold 3686 Howl Bitmap #cards 512 size 80 coarsen threshold 460 Card regions per heap region 1 cards per card region 4096
 CPUs: 6 total, 6 available
 Memory: 11972M
 Large Page Support: Disabled
 NUMA Support: Disabled
 Compressed Oops: Enabled (Zero based)
 Heap Region Size: 2M
 Heap Min Capacity: 8M
 Heap Initial Capacity: 8M
 Heap Max Capacity: 2994M
 Pre-touch: Disabled
 Parallel Workers: 6
 Concurrent Workers: 2
 Concurrent Refinement Workers: 6
 Periodic GC: Disabled
Heap:
 garbage-first heap   total reserved 3065856K, committed 43008K, used 19699K [0x0000000744e00000, 0x0000000800000000)
  region size 2M, 3 eden (6M), 2 survivor (4M), 6 old (12M), 0 humongous (0M), 10 free (20M)
GC Heap Usage History (20 events):
Event: 0.627 {heap Before GC invocations=0 (full 0):
 garbage-first heap   total reserved 3065856K, committed 10240K, used 3235K [0x0000000744e00000, 0x0000000800000000)
  region size 2M, 2 eden (4M), 0 survivor (0M), 1 old (2M), 0 humongous (0M), 2 free (4M)
}
Event: 0.631 {heap After GC invocations=1 (full 0):
 garbage-first heap   total reserved 3065856K, committed 10240K, used 3358K [0x0000000744e00000, 0x0000000800000000)
  region size 2M, 0 eden (0M), 1 survivor (2M), 2 old (4M), 0 humongous (0M), 2 free (4M)
}
Event: 0.700 {heap Before GC invocations=1 (full 0):
 garbage-first heap   total reserved 3065856K, committed 10240K, used 3358K [0x0000000744e00000, 0x0000000800000000)
  region size 2M, 1 eden (2M), 1 survivor (2M), 2 old (4M), 0 humongous (0M), 1 free (2M)
}
Event: 0.704 {heap After GC invocations=2 (full 0):
 garbage-first heap   total reserved 3065856K, committed 12288K, used 4857K [0x0000000744e00000, 0x0000000800000000)
  region size 2M, 0 eden (0M), 1 survivor (2M), 3 old (6M), 0 humongous (0M), 2 free (4M)
}
Event: 0.846 {heap Before GC invocations=2 (full 0):
 garbage-first heap   total reserved 3065856K, committed 12288K, used 6905K [0x0000000744e00000, 0x0000000800000000)
  region size 2M, 1 eden (2M), 1 survivor (2M), 3 old (6M), 0 humongous (0M), 1 free (2M)
}
Event: 0.851 {heap After GC invocations=3 (full 0):
 garbage-first heap   total reserved 3065856K, committed 12288K, used 5825K [0x0000000744e00000, 0x0000000800000000)
  region size 2M, 0 eden (0M), 1 survivor (2M), 3 old (6M), 0 humongous (0M), 2 free (4M)
}
Event: 0.999 {heap Before GC invocations=3 (full 0):
 garbage-first heap   total reserved 3065856K, committed 12288K, used 7873K [0x0000000744e00000, 0x0000000800000000)
  region size 2M, 1 eden (2M), 1 survivor (2M), 3 old (6M), 0 humongous (0M), 1 free (2M)
}
Event: 1.002 {heap After GC invocations=4 (full 0):
 garbage-first heap   total reserved 3065856K, committed 12288K, used 6382K [0x0000000744e00000, 0x0000000800000000)
  region size 2M, 0 eden (0M), 1 survivor (2M), 3 old (6M), 0 humongous (0M), 2 free (4M)
}
Event: 1.225 {heap Before GC invocations=5 (full 0):
 garbage-first heap   total reserved 3065856K, committed 12288K, used 8430K [0x0000000744e00000, 0x0000000800000000)
  region size 2M, 1 eden (2M), 1 survivor (2M), 3 old (6M), 0 humongous (0M), 1 free (2M)
}
Event: 1.232 {heap After GC invocations=6 (full 0):
 garbage-first heap   total reserved 3065856K, committed 43008K, used 6607K [0x0000000744e00000, 0x0000000800000000)
  region size 2M, 0 eden (0M), 1 survivor (2M), 4 old (8M), 0 humongous (0M), 16 free (32M)
}
Event: 2.643 {heap Before GC invocations=6 (full 0):
 garbage-first heap   total reserved 3065856K, committed 43008K, used 20943K [0x0000000744e00000, 0x0000000800000000)
  region size 2M, 8 eden (16M), 1 survivor (2M), 4 old (8M), 0 humongous (0M), 8 free (16M)
}
Event: 2.654 {heap After GC invocations=7 (full 0):
 garbage-first heap   total reserved 3065856K, committed 43008K, used 7811K [0x0000000744e00000, 0x0000000800000000)
  region size 2M, 0 eden (0M), 1 survivor (2M), 3 old (6M), 0 humongous (0M), 17 free (34M)
}
Event: 3.691 {heap Before GC invocations=7 (full 0):
 garbage-first heap   total reserved 3065856K, committed 43008K, used 30339K [0x0000000744e00000, 0x0000000800000000)
  region size 2M, 11 eden (22M), 1 survivor (2M), 3 old (6M), 0 humongous (0M), 6 free (12M)
}
Event: 3.701 {heap After GC invocations=8 (full 0):
 garbage-first heap   total reserved 3065856K, committed 43008K, used 9416K [0x0000000744e00000, 0x0000000800000000)
  region size 2M, 0 eden (0M), 2 survivor (4M), 3 old (6M), 0 humongous (0M), 16 free (32M)
}
Event: 5.533 {heap Before GC invocations=8 (full 0):
 garbage-first heap   total reserved 3065856K, committed 43008K, used 29896K [0x0000000744e00000, 0x0000000800000000)
  region size 2M, 10 eden (20M), 2 survivor (4M), 3 old (6M), 0 humongous (0M), 6 free (12M)
}
Event: 5.549 {heap After GC invocations=9 (full 0):
 garbage-first heap   total reserved 3065856K, committed 43008K, used 12385K [0x0000000744e00000, 0x0000000800000000)
  region size 2M, 0 eden (0M), 2 survivor (4M), 5 old (10M), 0 humongous (0M), 14 free (28M)
}
Event: 6.671 {heap Before GC invocations=9 (full 0):
 garbage-first heap   total reserved 3065856K, committed 43008K, used 28769K [0x0000000744e00000, 0x0000000800000000)
  region size 2M, 9 eden (18M), 2 survivor (4M), 5 old (10M), 0 humongous (0M), 5 free (10M)
}
Event: 6.681 {heap After GC invocations=10 (full 0):
 garbage-first heap   total reserved 3065856K, committed 43008K, used 14031K [0x0000000744e00000, 0x0000000800000000)
  region size 2M, 0 eden (0M), 1 survivor (2M), 6 old (12M), 0 humongous (0M), 14 free (28M)
}
Event: 11.033 {heap Before GC invocations=11 (full 0):
 garbage-first heap   total reserved 3065856K, committed 43008K, used 34511K [0x0000000744e00000, 0x0000000800000000)
  region size 2M, 10 eden (20M), 1 survivor (2M), 6 old (12M), 0 humongous (0M), 4 free (8M)
}
Event: 11.044 {heap After GC invocations=12 (full 0):
 garbage-first heap   total reserved 3065856K, committed 43008K, used 15603K [0x0000000744e00000, 0x0000000800000000)
  region size 2M, 0 eden (0M), 2 survivor (4M), 6 old (12M), 0 humongous (0M), 13 free (26M)
}

