# JRE version: Java(TM) SE Runtime Environment (26.0.2.1+1) (build 26.0.2.1+1-7)
# Java VM: Java HotSpot(TM) 64-Bit Server VM (26.0.2.1+1-7, mixed mode, sharing, tiered, compressed oops, compressed class ptrs, g1 gc, windows-amd64)
GC Precious Log:
 CardTable entry size: 512
 Card Set container configuration: InlinePtr #cards 4 size 8 Array Of Cards #cards 16 size 48 Howl #buckets 8 coarsen threshold 3686 Howl Bitmap #cards 512 size 80 coarsen threshold 460 Card regions per heap region 1 cards per card region 4096
 CPUs: 6 total, 6 available
 Memory: 11972M
 Large Page Support: Disabled
 NUMA Support: Disabled
 Compressed Oops: Enabled (Zero based)
 Heap Region Size: 2M
 Heap Min Capacity: 8M
 Heap Initial Capacity: 8M
 Heap Max Capacity: 2994M
 Pre-touch: Disabled
 Parallel Workers: 6
 Concurrent Workers: 2
 Concurrent Refinement Workers: 6
 Periodic GC: Disabled
Heap:
 garbage-first heap   total reserved 3065856K, committed 116736K, used 27615K [0x0000000744e00000, 0x0000000800000000)
  region size 2M, 2 eden (4M), 1 survivor (2M), 12 old (24M), 0 humongous (0M), 42 free (84M)
GC Heap Usage History (20 events):
Event: 12.878 {heap Before GC invocations=17 (full 0):
 garbage-first heap   total reserved 3065856K, committed 36864K, used 30990K [0x0000000744e00000, 0x0000000800000000)
  region size 2M, 6 eden (12M), 1 survivor (2M), 9 old (18M), 0 humongous (0M), 2 free (4M)
}
Event: 12.884 {heap After GC invocations=18 (full 0):
 garbage-first heap   total reserved 3065856K, committed 36864K, used 19466K [0x0000000744e00000, 0x0000000800000000)
  region size 2M, 0 eden (0M), 1 survivor (2M), 9 old (18M), 0 humongous (0M), 8 free (16M)
}
Event: 13.799 {heap Before GC invocations=18 (full 0):
 garbage-first heap   total reserved 3065856K, committed 36864K, used 29706K [0x0000000744e00000, 0x0000000800000000)
  region size 2M, 6 eden (12M), 1 survivor (2M), 9 old (18M), 0 humongous (0M), 2 free (4M)
}
Event: 13.806 {heap After GC invocations=19 (full 0):
 garbage-first heap   total reserved 3065856K, committed 36864K, used 19443K [0x0000000744e00000, 0x0000000800000000)
  region size 2M, 0 eden (0M), 1 survivor (2M), 9 old (18M), 0 humongous (0M), 8 free (16M)
}
Event: 14.861 {heap Before GC invocations=19 (full 0):
 garbage-first heap   total reserved 3065856K, committed 36864K, used 29683K [0x0000000744e00000, 0x0000000800000000)
  region size 2M, 6 eden (12M), 1 survivor (2M), 9 old (18M), 0 humongous (0M), 2 free (4M)
}
Event: 14.867 {heap After GC invocations=20 (full 0):
 garbage-first heap   total reserved 3065856K, committed 36864K, used 21004K [0x0000000744e00000, 0x0000000800000000)
  region size 2M, 0 eden (0M), 1 survivor (2M), 10 old (20M), 0 humongous (0M), 7 free (14M)
}
Event: 15.575 {heap Before GC invocations=21 (full 0):
 garbage-first heap   total reserved 3065856K, committed 36864K, used 29196K [0x0000000744e00000, 0x0000000800000000)
  region size 2M, 5 eden (10M), 1 survivor (2M), 10 old (20M), 0 humongous (0M), 2 free (4M)
}
Event: 15.580 {heap After GC invocations=22 (full 0):
 garbage-first heap   total reserved 3065856K, committed 36864K, used 22262K [0x0000000744e00000, 0x0000000800000000)
  region size 2M, 0 eden (0M), 1 survivor (2M), 11 old (22M), 0 humongous (0M), 6 free (12M)
}
Event: 16.135 {heap Before GC invocations=22 (full 0):
 garbage-first heap   total reserved 3065856K, committed 36864K, used 30454K [0x0000000744e00000, 0x0000000800000000)
  region size 2M, 4 eden (8M), 1 survivor (2M), 11 old (22M), 0 humongous (0M), 2 free (4M)
}
Event: 16.137 {heap After GC invocations=23 (full 0):
 garbage-first heap   total reserved 3065856K, committed 36864K, used 22831K [0x0000000744e00000, 0x0000000800000000)
  region size 2M, 0 eden (0M), 1 survivor (2M), 11 old (22M), 0 humongous (0M), 6 free (12M)
}
Event: 16.730 {heap Before GC invocations=24 (full 0):
 garbage-first heap   total reserved 3065856K, committed 36864K, used 31023K [0x0000000744e00000, 0x0000000800000000)
  region size 2M, 4 eden (8M), 1 survivor (2M), 11 old (22M), 0 humongous (0M), 2 free (4M)
}
Event: 16.732 {heap After GC invocations=25 (full 0):
 garbage-first heap   total reserved 3065856K, committed 36864K, used 23247K [0x0000000744e00000, 0x0000000800000000)
  region size 2M, 0 eden (0M), 1 survivor (2M), 11 old (22M), 0 humongous (0M), 6 free (12M)
}
Event: 17.990 {heap Before GC invocations=25 (full 0):
 garbage-first heap   total reserved 3065856K, committed 36864K, used 29391K [0x0000000744e00000, 0x0000000800000000)
  region size 2M, 4 eden (8M), 1 survivor (2M), 11 old (22M), 0 humongous (0M), 2 free (4M)
}
Event: 17.995 {heap After GC invocations=26 (full 0):
 garbage-first heap   total reserved 3065856K, committed 36864K, used 23583K [0x0000000744e00000, 0x0000000800000000)
  region size 2M, 0 eden (0M), 1 survivor (2M), 11 old (22M), 0 humongous (0M), 6 free (12M)
}
Event: 18.785 {heap Before GC invocations=27 (full 0):
 garbage-first heap   total reserved 3065856K, committed 36864K, used 33823K [0x0000000744e00000, 0x0000000800000000)
  region size 2M, 5 eden (10M), 1 survivor (2M), 11 old (22M), 0 humongous (0M), 1 free (2M)
}
Event: 18.790 {heap After GC invocations=28 (full 0):
 garbage-first heap   total reserved 3065856K, committed 38912K, used 23949K [0x0000000744e00000, 0x0000000800000000)
  region size 2M, 0 eden (0M), 1 survivor (2M), 12 old (24M), 0 humongous (0M), 6 free (12M)
}
Event: 19.907 {heap Before GC invocations=28 (full 0):
 garbage-first heap   total reserved 3065856K, committed 38912K, used 32141K [0x0000000744e00000, 0x0000000800000000)
  region size 2M, 5 eden (10M), 1 survivor (2M), 12 old (24M), 0 humongous (0M), 1 free (2M)
}
Event: 19.912 {heap After GC invocations=29 (full 0):
 garbage-first heap   total reserved 3065856K, committed 38912K, used 24571K [0x0000000744e00000, 0x0000000800000000)
  region size 2M, 0 eden (0M), 1 survivor (2M), 12 old (24M), 0 humongous (0M), 6 free (12M)
}
Event: 21.922 {heap Before GC invocations=30 (full 0):
 garbage-first heap   total reserved 3065856K, committed 38912K, used 34811K [0x0000000744e00000, 0x0000000800000000)
  region size 2M, 5 eden (10M), 1 survivor (2M), 12 old (24M), 0 humongous (0M), 1 free (2M)
}
Event: 21.928 {heap After GC invocations=31 (full 0):
 garbage-first heap   total reserved 3065856K, committed 116736K, used 25567K [0x0000000744e00000, 0x0000000800000000)
  region size 2M, 0 eden (0M), 1 survivor (2M), 12 old (24M), 0 humongous (0M), 44 free (88M)
}

