# JRE version: Java(TM) SE Runtime Environment (26.0.2.1+1) (build 26.0.2.1+1-7)
# Java VM: Java HotSpot(TM) 64-Bit Server VM (26.0.2.1+1-7, mixed mode, sharing, tiered, compressed oops, compressed class ptrs, g1 gc, windows-amd64)
GC Precious Log:
 CardTable entry size: 512
 Card Set container configuration: InlinePtr #cards 4 size 8 Array Of Cards #cards 16 size 48 Howl #buckets 8 coarsen threshold 3686 Howl Bitmap #cards 512 size 80 coarsen threshold 460 Card regions per heap region 1 cards per card region 4096
 CPUs: 6 total, 6 available
 Memory: 11972M
 Large Page Support: Disabled
 NUMA Support: Disabled
 Compressed Oops: Enabled (Zero based)
 Heap Region Size: 2M
 Heap Min Capacity: 8M
 Heap Initial Capacity: 8M
 Heap Max Capacity: 2994M
 Pre-touch: Disabled
 Parallel Workers: 6
 Concurrent Workers: 2
 Concurrent Refinement Workers: 6
 Periodic GC: Disabled
Heap:
 garbage-first heap   total reserved 3065856K, committed 51200K, used 26762K [0x0000000744e00000, 0x0000000800000000)
  region size 2M, 5 eden (10M), 1 survivor (2M), 9 old (18M), 0 humongous (0M), 10 free (20M)
GC Heap Usage History (20 events):
Event: 1.520 {heap Before GC invocations=5 (full 0):
 garbage-first heap   total reserved 3065856K, committed 36864K, used 18644K [0x0000000744e00000, 0x0000000800000000)
  region size 2M, 6 eden (12M), 1 survivor (2M), 3 old (6M), 0 humongous (0M), 8 free (16M)
}
Event: 1.529 {heap After GC invocations=6 (full 0):
 garbage-first heap   total reserved 3065856K, committed 36864K, used 7432K [0x0000000744e00000, 0x0000000800000000)
  region size 2M, 0 eden (0M), 1 survivor (2M), 3 old (6M), 0 humongous (0M), 14 free (28M)
}
Event: 2.089 {heap Before GC invocations=6 (full 0):
 garbage-first heap   total reserved 3065856K, committed 36864K, used 19720K [0x0000000744e00000, 0x0000000800000000)
  region size 2M, 7 eden (14M), 1 survivor (2M), 3 old (6M), 0 humongous (0M), 7 free (14M)
}
Event: 2.094 {heap After GC invocations=7 (full 0):
 garbage-first heap   total reserved 3065856K, committed 36864K, used 8392K [0x0000000744e00000, 0x0000000800000000)
  region size 2M, 0 eden (0M), 1 survivor (2M), 4 old (8M), 0 humongous (0M), 13 free (26M)
}
Event: 2.424 {heap Before GC invocations=7 (full 0):
 garbage-first heap   total reserved 3065856K, committed 36864K, used 24776K [0x0000000744e00000, 0x0000000800000000)
  region size 2M, 8 eden (16M), 1 survivor (2M), 4 old (8M), 0 humongous (0M), 5 free (10M)
}
Event: 2.430 {heap After GC invocations=8 (full 0):
 garbage-first heap   total reserved 3065856K, committed 36864K, used 9517K [0x0000000744e00000, 0x0000000800000000)
  region size 2M, 0 eden (0M), 2 survivor (4M), 4 old (8M), 0 humongous (0M), 12 free (24M)
}
Event: 2.763 {heap Before GC invocations=8 (full 0):
 garbage-first heap   total reserved 3065856K, committed 36864K, used 25901K [0x0000000744e00000, 0x0000000800000000)
  region size 2M, 8 eden (16M), 2 survivor (4M), 4 old (8M), 0 humongous (0M), 4 free (8M)
}
Event: 2.770 {heap After GC invocations=9 (full 0):
 garbage-first heap   total reserved 3065856K, committed 36864K, used 11453K [0x0000000744e00000, 0x0000000800000000)
  region size 2M, 0 eden (0M), 2 survivor (4M), 4 old (8M), 0 humongous (0M), 12 free (24M)
}
Event: 3.298 {heap Before GC invocations=9 (full 0):
 garbage-first heap   total reserved 3065856K, committed 36864K, used 27837K [0x0000000744e00000, 0x0000000800000000)
  region size 2M, 8 eden (16M), 2 survivor (4M), 4 old (8M), 0 humongous (0M), 4 free (8M)
}
Event: 3.308 {heap After GC invocations=10 (full 0):
 garbage-first heap   total reserved 3065856K, committed 36864K, used 13546K [0x0000000744e00000, 0x0000000800000000)
  region size 2M, 0 eden (0M), 2 survivor (4M), 5 old (10M), 0 humongous (0M), 11 free (22M)
}
Event: 3.476 {heap Before GC invocations=10 (full 0):
 garbage-first heap   total reserved 3065856K, committed 36864K, used 15594K [0x0000000744e00000, 0x0000000800000000)
  region size 2M, 2 eden (4M), 2 survivor (4M), 5 old (10M), 0 humongous (0M), 9 free (18M)
}
Event: 3.486 {heap After GC invocations=11 (full 0):
 garbage-first heap   total reserved 3065856K, committed 36864K, used 14403K [0x0000000744e00000, 0x0000000800000000)
  region size 2M, 0 eden (0M), 1 survivor (2M), 7 old (14M), 0 humongous (0M), 10 free (20M)
}
Event: 4.308 {heap Before GC invocations=12 (full 0):
 garbage-first heap   total reserved 3065856K, committed 36864K, used 28739K [0x0000000744e00000, 0x0000000800000000)
  region size 2M, 7 eden (14M), 1 survivor (2M), 7 old (14M), 0 humongous (0M), 3 free (6M)
}
Event: 4.314 {heap After GC invocations=13 (full 0):
 garbage-first heap   total reserved 3065856K, committed 36864K, used 15308K [0x0000000744e00000, 0x0000000800000000)
  region size 2M, 0 eden (0M), 1 survivor (2M), 7 old (14M), 0 humongous (0M), 10 free (20M)
}
Event: 4.981 {heap Before GC invocations=13 (full 0):
 garbage-first heap   total reserved 3065856K, committed 36864K, used 29644K [0x0000000744e00000, 0x0000000800000000)
  region size 2M, 7 eden (14M), 1 survivor (2M), 7 old (14M), 0 humongous (0M), 3 free (6M)
}
Event: 4.990 {heap After GC invocations=14 (full 0):
 garbage-first heap   total reserved 3065856K, committed 36864K, used 16628K [0x0000000744e00000, 0x0000000800000000)
  region size 2M, 0 eden (0M), 1 survivor (2M), 8 old (16M), 0 humongous (0M), 9 free (18M)
}
Event: 5.389 {heap Before GC invocations=14 (full 0):
 garbage-first heap   total reserved 3065856K, committed 36864K, used 28916K [0x0000000744e00000, 0x0000000800000000)
  region size 2M, 6 eden (12M), 1 survivor (2M), 8 old (16M), 0 humongous (0M), 3 free (6M)
}
Event: 5.397 {heap After GC invocations=15 (full 0):
 garbage-first heap   total reserved 3065856K, committed 36864K, used 17799K [0x0000000744e00000, 0x0000000800000000)
  region size 2M, 0 eden (0M), 1 survivor (2M), 9 old (18M), 0 humongous (0M), 8 free (16M)
}
Event: 5.918 {heap Before GC invocations=15 (full 0):
 garbage-first heap   total reserved 3065856K, committed 36864K, used 28039K [0x0000000744e00000, 0x0000000800000000)
  region size 2M, 6 eden (12M), 1 survivor (2M), 9 old (18M), 0 humongous (0M), 2 free (4M)
}
Event: 5.921 {heap After GC invocations=16 (full 0):
 garbage-first heap   total reserved 3065856K, committed 51200K, used 18570K [0x0000000744e00000, 0x0000000800000000)
  region size 2M, 0 eden (0M), 1 survivor (2M), 9 old (18M), 0 humongous (0M), 15 free (30M)
}

