# JRE version: Java(TM) SE Runtime Environment (26.0.2.1+1) (build 26.0.2.1+1-7)
# Java VM: Java HotSpot(TM) 64-Bit Server VM (26.0.2.1+1-7, mixed mode, sharing, tiered, compressed oops, compressed class ptrs, g1 gc, windows-amd64)
GC Precious Log:
 CardTable entry size: 512
 Card Set container configuration: InlinePtr #cards 4 size 8 Array Of Cards #cards 16 size 48 Howl #buckets 8 coarsen threshold 3686 Howl Bitmap #cards 512 size 80 coarsen threshold 460 Card regions per heap region 1 cards per card region 4096
 CPUs: 6 total, 6 available
 Memory: 11972M
 Large Page Support: Disabled
 NUMA Support: Disabled
 Compressed Oops: Enabled (Zero based)
 Heap Region Size: 2M
 Heap Min Capacity: 8M
 Heap Initial Capacity: 8M
 Heap Max Capacity: 2994M
 Pre-touch: Disabled
 Parallel Workers: 6
 Concurrent Workers: 2
 Concurrent Refinement Workers: 6
 Periodic GC: Disabled
Heap:
 garbage-first heap   total reserved 3065856K, committed 86016K, used 15112K [0x0000000744e00000, 0x0000000800000000)
  region size 2M, 1 eden (2M), 1 survivor (2M), 7 old (14M), 0 humongous (0M), 33 free (66M)
GC Heap Usage History (20 events):
Event: 2.453 {heap Before GC invocations=6 (full 0):
 garbage-first heap   total reserved 3065856K, committed 28672K, used 14682K [0x0000000744e00000, 0x0000000800000000)
  region size 2M, 4 eden (8M), 1 survivor (2M), 3 old (6M), 0 humongous (0M), 6 free (12M)
}
Event: 2.458 {heap After GC invocations=7 (full 0):
 garbage-first heap   total reserved 3065856K, committed 28672K, used 7052K [0x0000000744e00000, 0x0000000800000000)
  region size 2M, 0 eden (0M), 1 survivor (2M), 3 old (6M), 0 humongous (0M), 10 free (20M)
}
Event: 3.592 {heap Before GC invocations=7 (full 0):
 garbage-first heap   total reserved 3065856K, committed 28672K, used 17292K [0x0000000744e00000, 0x0000000800000000)
  region size 2M, 5 eden (10M), 1 survivor (2M), 3 old (6M), 0 humongous (0M), 5 free (10M)
}
Event: 3.598 {heap After GC invocations=8 (full 0):
 garbage-first heap   total reserved 3065856K, committed 28672K, used 7910K [0x0000000744e00000, 0x0000000800000000)
  region size 2M, 0 eden (0M), 1 survivor (2M), 4 old (8M), 0 humongous (0M), 9 free (18M)
}
Event: 4.148 {heap Before GC invocations=8 (full 0):
 garbage-first heap   total reserved 3065856K, committed 28672K, used 18150K [0x0000000744e00000, 0x0000000800000000)
  region size 2M, 5 eden (10M), 1 survivor (2M), 4 old (8M), 0 humongous (0M), 4 free (8M)
}
Event: 4.153 {heap After GC invocations=9 (full 0):
 garbage-first heap   total reserved 3065856K, committed 28672K, used 8690K [0x0000000744e00000, 0x0000000800000000)
  region size 2M, 0 eden (0M), 1 survivor (2M), 4 old (8M), 0 humongous (0M), 9 free (18M)
}
Event: 4.540 {heap Before GC invocations=9 (full 0):
 garbage-first heap   total reserved 3065856K, committed 28672K, used 20978K [0x0000000744e00000, 0x0000000800000000)
  region size 2M, 6 eden (12M), 1 survivor (2M), 4 old (8M), 0 humongous (0M), 3 free (6M)
}
Event: 4.545 {heap After GC invocations=10 (full 0):
 garbage-first heap   total reserved 3065856K, committed 28672K, used 9516K [0x0000000744e00000, 0x0000000800000000)
  region size 2M, 0 eden (0M), 1 survivor (2M), 4 old (8M), 0 humongous (0M), 9 free (18M)
}
Event: 5.084 {heap Before GC invocations=10 (full 0):
 garbage-first heap   total reserved 3065856K, committed 28672K, used 19756K [0x0000000744e00000, 0x0000000800000000)
  region size 2M, 6 eden (12M), 1 survivor (2M), 4 old (8M), 0 humongous (0M), 3 free (6M)
}
Event: 5.089 {heap After GC invocations=11 (full 0):
 garbage-first heap   total reserved 3065856K, committed 28672K, used 10920K [0x0000000744e00000, 0x0000000800000000)
  region size 2M, 0 eden (0M), 1 survivor (2M), 5 old (10M), 0 humongous (0M), 8 free (16M)
}
Event: 5.517 {heap Before GC invocations=11 (full 0):
 garbage-first heap   total reserved 3065856K, committed 28672K, used 21160K [0x0000000744e00000, 0x0000000800000000)
  region size 2M, 5 eden (10M), 1 survivor (2M), 5 old (10M), 0 humongous (0M), 3 free (6M)
}
Event: 5.530 {heap After GC invocations=12 (full 0):
 garbage-first heap   total reserved 3065856K, committed 28672K, used 12259K [0x0000000744e00000, 0x0000000800000000)
  region size 2M, 0 eden (0M), 1 survivor (2M), 6 old (12M), 0 humongous (0M), 7 free (14M)
}
Event: 6.177 {heap Before GC invocations=12 (full 0):
 garbage-first heap   total reserved 3065856K, committed 28672K, used 20451K [0x0000000744e00000, 0x0000000800000000)
  region size 2M, 5 eden (10M), 1 survivor (2M), 6 old (12M), 0 humongous (0M), 2 free (4M)
}
Event: 6.183 {heap After GC invocations=13 (full 0):
 garbage-first heap   total reserved 3065856K, committed 28672K, used 13828K [0x0000000744e00000, 0x0000000800000000)
  region size 2M, 0 eden (0M), 1 survivor (2M), 6 old (12M), 0 humongous (0M), 7 free (14M)
}
Event: 6.370 {heap Before GC invocations=13 (full 0):
 garbage-first heap   total reserved 3065856K, committed 28672K, used 15876K [0x0000000744e00000, 0x0000000800000000)
  region size 2M, 2 eden (4M), 1 survivor (2M), 6 old (12M), 0 humongous (0M), 5 free (10M)
}
Event: 6.375 {heap After GC invocations=14 (full 0):
 garbage-first heap   total reserved 3065856K, committed 28672K, used 14170K [0x0000000744e00000, 0x0000000800000000)
  region size 2M, 0 eden (0M), 1 survivor (2M), 7 old (14M), 0 humongous (0M), 6 free (12M)
}
Event: 7.120 {heap Before GC invocations=15 (full 0):
 garbage-first heap   total reserved 3065856K, committed 28672K, used 20314K [0x0000000744e00000, 0x0000000800000000)
  region size 2M, 4 eden (8M), 1 survivor (2M), 7 old (14M), 0 humongous (0M), 2 free (4M)
}
Event: 7.124 {heap After GC invocations=16 (full 0):
 garbage-first heap   total reserved 3065856K, committed 28672K, used 14709K [0x0000000744e00000, 0x0000000800000000)
  region size 2M, 0 eden (0M), 1 survivor (2M), 7 old (14M), 0 humongous (0M), 6 free (12M)
}
Event: 10.193 {heap Before GC invocations=16 (full 0):
 garbage-first heap   total reserved 3065856K, committed 28672K, used 22901K [0x0000000744e00000, 0x0000000800000000)
  region size 2M, 4 eden (8M), 1 survivor (2M), 7 old (14M), 0 humongous (0M), 2 free (4M)
}
Event: 10.204 {heap After GC invocations=17 (full 0):
 garbage-first heap   total reserved 3065856K, committed 86016K, used 15112K [0x0000000744e00000, 0x0000000800000000)
  region size 2M, 0 eden (0M), 1 survivor (2M), 7 old (14M), 0 humongous (0M), 34 free (68M)
}

